
> economy@0.4.0 build
> npm run verify:architecture && npm run test:nginx-config && npm run server:check && npm run server:test && tsc && vite build


> economy@0.4.0 verify:architecture
> node scripts/verify-document-authority.mjs && node scripts/verify-client-state-version.mjs && node scripts/verify-order-matching-core.mjs && node scripts/verify-market-action-latency.mjs && node --experimental-strip-types scripts/verify-runtime-architecture.mjs && node scripts/verify-state-delivery-capacity.mjs && node scripts/verify-authentication-cache.mjs && node scripts/verify-email-registration.mjs && node scripts/verify-stress-test-accounts.mjs && node scripts/verify-scroll-ownership.mjs && node scripts/verify-gems-invitations-and-bans.mjs && node scripts/verify-gem-shop.mjs && node scripts/verify-page-content.mjs && node scripts/verify-game-tutorial.mjs && node scripts/verify-assets-page.mjs && node scripts/verify-settings-layout.mjs && node scripts/verify-reset-disabled.mjs && node --experimental-strip-types scripts/verify-display-format.mjs && node scripts/verify-ui-architecture-runner.mjs && node scripts/verify-form-controls.mjs && node scripts/verify-currency-svg.mjs && node scripts/verify-mobile-touch-feedback.mjs && node scripts/verify-virtual-list-scroll-chaining.mjs && node scripts/verify-overlay-scrollbars.mjs && node scripts/verify-overview-content.mjs && node scripts/verify-industry-catalog.mjs && node scripts/verify-unified-factory-recipes-grid.mjs && node scripts/verify-production-desktop-layout.mjs && node scripts/verify-staple-crops-demand.mjs && node --experimental-strip-types scripts/verify-market-assets.mjs && node scripts/verify-market-page-layout.mjs && node scripts/verify-local-trade-privacy.mjs && node scripts/verify-market-sell-fee.mjs && node scripts/verify-leaderboards.mjs && node --experimental-strip-types scripts/verify-market-chart.mjs && node scripts/verify-liquid-glass-chrome.mjs && node scripts/verify-desktop-primary-surfaces.mjs && node scripts/verify-authoritative-countdowns.mjs && node scripts/verify-primary-surface-insets.mjs && node scripts/verify-game-shell-layout.mjs && node scripts/verify-warehouse-expansion.mjs && node scripts/verify-facility-groups.mjs && node --experimental-strip-types scripts/verify-recipe-profit-analysis.mjs && node scripts/verify-collectibles-auctions.mjs && node scripts/verify-gift-code-batches.mjs && node scripts/verify-admin-navigation.mjs && node scripts/verify-runtime-efficiency.mjs && node scripts/verify-runtime-reliability.mjs

文档权威性验证通过：登记文档清单、版本 16/14、市场需求模型 8、真实人口钱包、就业资金流、开放式货币发行、统一订单簿、双边市场储备和页面职责均满足当前基线。
客户端状态版本契约验证通过：当前 16，最低兼容 15
共享撮合内核验证通过：商品与工厂复用价格时间优先、maker price、部分成交、fill 和手续费状态机。
市场动作延迟防回退验证通过：商品订单单次共享撮合、全量修复版本化、POST 后异步补拉、重复提交锁和请求超时均已锁定。
运行时架构验证通过：页面动态拆包、局部时钟、虚拟列表二分与滚动合并、资产比例和本地日志缓存均已锁定。
状态交付容量验证通过：世界缓存、单一全局调度、五分区增量交付与完整快照替换、独立 serverNow、共享单调服务器时钟、动作精简确认与确认后分区补拉、修订号门禁、可抢占刷新任务、5 秒默认间隔和 JSON gzip 均已锁定。
认证缓存验证通过：状态 10 秒、写操作 2 秒、管理员零缓存、请求合并和 5000 条 LRU 已锁定。
邮箱验证码注册验证通过：发送前查重、验证码安全、分享链接归因、统一同 IP 封禁、双模式页面与 Nginx 路由均已锁定。
Fixed reusable stress-test account registry and secret boundary verification passed.
Nested custom/native scroll ownership, boundary release and control location verification passed.
宝石、邀请与封禁验证通过：服务器权威宝石、直接货币兑换发行、双邀请入口、立即奖励、同 IP 全组封禁、管理员解禁、版本与防回退规则均已锁定。
商店验证通过：独立页面、服务器固定汇率、原子兑换、幂等、记录规则和共享一级卡片内边距均已锁定。
页面内容、九页导航、主页 SVG Logo、登录注册、高增长记录窗口化、邀请、商店、藏品拍卖、全局紧凑数字、生产公式和仓库职责验证通过。
Game tutorial verification passed.
资产页统一总览、构成拆分、移动布局与防回退验证通过。
设置页独立主列／侧列、四项统计、账号分组、禁用重置与设计文档验证通过。
经济状态重置已从网页、小程序、客户端动作和服务器领域写入中移除；教程重开仅清除本地教程轮次，旧重置接口仅返回 410。
时间与排名格式验证通过：持续时间统一使用 s/m/h，排名统一由状态栏和排行榜使用 #N。
共享 UI、唯一开关、导航完全不透明状态色、独立工厂 SVG 与统一商品图标验证通过。
统一表单组件、数字草稿、输入状态和移动端尺寸验证通过。
货币 SVG 验证通过：81 处可见金额统一使用 CreditsIcon，通知边界兼容旧字符串，玩家端源码无字符货币符号。
移动触摸反馈验证通过：原生蓝色 tap highlight 已关闭，键盘 focus-visible 焦点保持不变。
Shared virtual windowing, single two-axis record viewport and boundary scroll chaining verification passed.
统一尺寸、鼠标与触控策略、隐藏触控横向轨道、无级资产目录和单一双轴虚拟成交表验证通过。
概览验证通过：外层单轨、教程提醒容量、紧凑图表几何、市场空值、现金事件、短列表滚动、状态栏趋势与浏览器碰撞回归满足设计基线。
产业目录验证通过：31 种商品、21 种工厂、C1～C7 建设复杂度、精确建造费与施工时间、配方级参数及 1/3/6/6/8/10/12 参考分钟利润梯度。
工厂集群三列状态卡、无持久选中态、主从布局、状态标题层级、无顶部关闭按钮、统一收起动画、紧凑利润布局、共享活动滚动条、目录顺序默认详情、焦点与滚动控制、通用配方和集群公式验证通过。
桌面生产页单一布局权威、自然高度详情、两列集群与统一 sticky 间隔验证通过。
市场需求验证通过：模型 8 使用三类人口真实钱包、受控稳定需求补充、85/15 基础需求、70/30 就业需求、证据置信度压力和最低储备买盘。
统一资产市场、非交叉撮合、价格档位聚合、玩家／消费需求／市场储备商品订单、窗口化本地成交、管理员高增长记录和本地默认价格验证通过。
市场页布局、价格档位、数据口径、禁用反馈与浏览器回归基线验证通过。
普通玩家订单 API、本地存储和市场成交展示均已匿名化，人口模型及资金池字段不会公开。
玩家商品与工厂卖出手续费、累计部分成交、匿名公开字段、前端展示和拍卖隔离验证通过。
Leaderboard verification passed.
Market chart verification passed: overview and market share 24h buckets with net active flow colors, weighted reserve signals and windowed trade counts.
liquid-glass-react 外壳、桌面状态栏独立预设、移动 Chrome 共享预设、状态栏固定五列单壳结构、顶层连续描边、移动底栏单一原生滚动视口、开放背景采样链与固定安全边缘滚动条验证通过。
桌面一级卡片与状态栏 24px 圆角、桌面独立玻璃预设、顶层连续结构描边、零第三方装饰层和无外部阴影验证通过。
权威倒计时验证通过：GET state 使用独立 serverNow 校准共享单调服务器时钟，轮询不得重置工作冷却；权威刷新可抢占普通轮询，请求具备超时，施工、生产周期、拍卖和排行榜到期采用串行每秒确认，状态分区使用完整快照替换。
一级卡片统一内边距验证通过：桌面 16px、移动 12px、共享组件语义、旧类兼容、样式与设计文档权威、加载顺序和页面覆盖清理均已锁定。
游戏外壳统一桌面沟槽、桌面导航、悬浮状态栏、贴边页面滚动条、移动双层 Overlay、状态栏下方通知、玻璃共线、统一 40px 清透厚玻璃胶囊与纵向滚动链验证通过。
仓库无限扩容、容量线性定价、商品卡图标主导布局、移动端四列、目录顺序工厂卡、建设卡精简和集群公式验证通过。
工厂持续生产、名称下状态、统一收起动画、通用配方周期边界切换、三态自动恢复、多输入输出公式和自然高度主从卡片验证通过。
玩家可见配方利润分析、逐档盘口、手续费、库存缺口、利润倒挂和移动端紧凑布局验证通过。
单项与捆绑资产包拍卖、可编辑数量草稿、冻结资产计价、仓库预占、原子结算、页面结构和权威文档验证通过。
最多 50000 个礼品码的原子批量生成、幂等重试、游标分页和 TXT 下载验证通过。
管理员导航与运营控制台验证通过：桌面统一侧栏、双栏工作台、封禁事件窗口化与移动工作区内统一液态玻璃 Chrome 层均已锁定。
运行时效率验证通过：自适应轮询、可见性恢复、SQLite 锁等待和接口指标聚合均已锁定。
依赖锁、CI 去重、浏览器存储容错、管理员分页、验证码保留、限流清理和浏览器测试均符合当前设计。

> economy@0.4.0 test:nginx-config
> python3 scripts/test_configure_economy_nginx.py && python3 scripts/test_configure_economy_registration_nginx.py

.........
----------------------------------------------------------------------
Ran 9 tests in 0.005s

OK
..
----------------------------------------------------------------------
Ran 2 tests in 0.001s

OK

> economy@0.4.0 server:check
> node --check server/src/*.js


> economy@0.4.0 server:test
> node --test server/test/*.test.js

✔ checks the homepage loopback endpoint and rejects registered emails (34.135682ms)
(node:2802) ExperimentalWarning: SQLite is an experimental feature and might change at any time
(Use `node --trace-warnings ...` to show where the warning was created)
✔ gift codes and redemptions use stable cursor pagination (3.69371ms)
(node:2803) ExperimentalWarning: SQLite is an experimental feature and might change at any time
(Use `node --trace-warnings ...` to show where the warning was created)
✔ unchanged admin summary does not advance the world revision (83.147543ms)
(node:2822) ExperimentalWarning: SQLite is an experimental feature and might change at any time
(Use `node --trace-warnings ...` to show where the warning was created)
✔ client state version 16 excludes all player log arrays and factory instances (75.597241ms)
✔ actions update authoritative state without writing player logs to SQLite (111.060469ms)
✔ legacy server logs and factory instance array are removed during the next state load (39.341651ms)
✔ idempotency preserves authoritative response without creating server logs (52.452929ms)
✔ authentication cache enforces TTL, LRU order, and request coalescing (24.257211ms)
✔ authentication policy separates state, write, and administrator requests (3.109798ms)
✔ authentication caches valid state reads, coalesces misses, and never caches upstream failures (78.034947ms)
✔ 管理员导入芝加哥艺术博物馆公版藏品并记录初始归属 (13.716401ms)
✔ 旧藏品拍卖动作兼容冻结、超价退款与归属转移 (10.033062ms)
✔ 商品拍卖冻结商品、为最高出价者预占仓库并在成交后转移数量 (3.26607ms)
✔ 商品竞拍必须有足够仓库容量，取消无出价拍卖释放商品 (3.587762ms)
✔ 工厂拍卖冻结运行数量，成交后转移工厂且不写入工厂行情 (14.818532ms)
✔ 客户端状态同时提供通用拍卖与藏品兼容别名 (3.261352ms)
✔ 捆绑拍卖在任一项目无效时不冻结任何资产 (1.777495ms)
✔ 混合资产包整体冻结、预占仓库并原子成交 (3.20181ms)
✔ 冻结资产继续计入总资产并提供可用与冻结明细 (13.916616ms)
(node:2843) ExperimentalWarning: SQLite is an experimental feature and might change at any time
(Use `node --trace-warnings ...` to show where the warning was created)
✔ community link has a stable default and persists an idempotent admin update (2.963063ms)
✔ community link rejects unsafe URLs and non-admin updates (1.302998ms)
✔ upstream cost changes propagate downstream one production edge per cycle (18.400233ms)
✔ downstream value changes propagate upstream one production edge per cycle (5.833804ms)
✔ multi-input downstream value reaches both copper and plastic with lag (5.365798ms)
✔ price transmission is damped and also carries price decreases (4.434057ms)
✔ hybrid fruit prices respond to beverage value after one relation lag (3.052408ms)
✔ appliance value makes machinery an automatically derived chain product (3.872236ms)
(node:2857) ExperimentalWarning: SQLite is an experimental feature and might change at any time
(Use `node --trace-warnings ...` to show where the warning was created)
✔ different products never match in the same order book (25.719245ms)
✔ work cooldown uses server time (14.11704ms)
✔ version 1 state migrates inventory and commodity orders without losing assets (2.153258ms)
✔ world version 7 grain assets migrate entirely to wheat (2.253205ms)
✔ idempotency returns the original response without applying an action twice (58.231902ms)
✔ client state uses version 16 and exposes no factory instances (25.218788ms)
✔ expanded industry catalog exposes fruit and complete production chains (0.977599ms)
✔ market demand creates direct and derived orders within the shared group budget (8.5838ms)
✔ market demand retains at most 35% of unsold orders and publishes a bounded demand curve (20.056101ms)
✔ market demand cancels carried orders and resets to the model price after a sale (16.327997ms)
✔ population-funded market demand does not scale with active player count (98.172741ms)
✔ population wallets continue funded demand without active players (6.877356ms)
✔ player inventory never increases market demand budget or product allocation (34.69642ms)
✔ consumer substitutes shift demand toward the cheaper grain without changing total budget (7.335173ms)
✔ beverage production paths shift toward cheaper fruit inputs (16.35706ms)
✔ fruit participates in fresh direct demand without expanding the food budget (11.168595ms)
✔ complement gating prioritizes the bottleneck input for electronics (5.413253ms)
✔ downstream price signals move upstream only after relation lag cycles (4.037323ms)
✔ state polling and failed actions do not refresh economic activity (83.834508ms)
✔ new worlds create private market demand orders during the first authoritative state read (23.724684ms)
✔ legacy demand migration immediately rebuilds market demand without losing player assets (8.400443ms)
✔ market demand model version 2 migrates to version 3 without resetting player assets (5.880832ms)
✔ migration removes obsolete system orders while preserving player orders (0.675203ms)
✔ world version 8 migration restarts electronics and upgrades market demand state without resetting assets (0.653694ms)
✔ commodity order fills preserve every exact player resting price without system liquidity (3.134504ms)
✔ reports whether RESEND_API_KEY and EMAIL_FROM are configured (2.345478ms)
✔ returns a safe explicit error when email delivery is not configured (1.300694ms)
✔ factory buy and sell orders use price-time matching and partial fills (75.79092ms)
✔ running factory sell order immediately reduces participating output (20.903106ms)
✔ production increments produced goods statistics (19.378082ms)
✔ electronics factory atomically consumes plastic and copper (17.538752ms)
✔ electronics factory deducts no material when either input is missing (13.910915ms)
✔ fruit beverage recipe uses its own cost and atomically consumes fruit and sugar (17.502584ms)
✔ asset valuation uses the latest order-book trade and ignores open bid prices (21.600851ms)
✔ factory automatically recovers after funds return (14.562724ms)
✔ manual stop disables automatic recovery (15.019248ms)
✔ running farm crop changes apply at the next cycle boundary (34.73113ms)
✔ warehouse errors recover without backfilling missed cycles (13.725818ms)
✔ stopped facilities apply recipes immediately and fixed recipes are idempotent (11.272569ms)
✔ legacy completed target plans migrate to a manual stop (0.995162ms)
✔ legacy running target plans become continuous production (8.924977ms)
✔ factory order books contain player orders only (11.350524ms)
✔ empty factory order books stay empty after world processing (9.024904ms)
✔ game routes decode identifiers and reject unsupported methods (2.798405ms)
✔ malformed route encoding is rejected as a client error (0.815526ms)
(node:2885) ExperimentalWarning: SQLite is an experimental feature and might change at any time
(Use `node --trace-warnings ...` to show where the warning was created)
✔ gem shop exchanges gems for credits atomically and records history (126.350607ms)
✔ gem shop idempotency prevents duplicate deduction and issuance (69.999075ms)
✔ legacy full idempotency responses are projected to slim acknowledgements (34.755821ms)
✔ gem shop rejects invalid quantities and insufficient balance without mutation (120.498707ms)
(node:2892) ExperimentalWarning: SQLite is an experimental feature and might change at any time
(Use `node --trace-warnings ...` to show where the warning was created)
✔ admins can atomically generate and retry a 50000-code batch (1004.498575ms)
✔ bulk gift code generation validates count and administrator role (1.377337ms)
✔ HTTP API authenticates through the shared account service and honors idempotency (695.48255ms)
(node:2906) ExperimentalWarning: SQLite is an experimental feature and might change at any time
(Use `node --trace-warnings ...` to show where the warning was created)
✔ share link registration immediately rewards only the inviter with gems (6.565352ms)
✔ manual code claim rewards inviter once and remains mutually exclusive with link attribution (3.908632ms)
✔ manual invitation claim expires after twenty four hours (2.49094ms)
✔ a second registration on the same IP bans the whole account group before invitation reward (5.482657ms)
✔ administrator can unban one account or an entire duplicate-IP incident (4.024879ms)
✔ manual unban survives restart reconciliation until a new same-IP registration appears (4.407365ms)
✔ manual same-IP code is consumed without a gem reward after administrator review (9.13488ms)
✔ leaderboard week starts Monday 00:00 in Beijing time (1.215402ms)
✔ trading board sums actual seller gross volume, counts completed fills on cancelled orders, and ignores unfilled remainder and auctions (37.958053ms)
✔ legacy capped trading state is rebuilt once from current-period actual fills (11.573101ms)
✔ three weekly boards grant 30, 20, and 10 gems and allow repeat winners (41.10531ms)
✔ the first partial week records results without granting gems (24.16621ms)
✔ top ten payload still returns the current player outside the visible rows (12.675273ms)
✔ cancelling a running factory sell order joins the quantity next cycle (64.128163ms)
✔ selling every participating factory puts the enabled group in error (17.197393ms)
✔ commodity sell order is created once and frozen once (16.048133ms)
✔ commodity order-book repair runs only when the persisted integrity version is stale (7.418461ms)
✔ market model 8 settles fills that happen after demand orders are created (51.396513ms)
✔ market model 8 uses funded population wallets when no player is active (7.418087ms)
✔ player-only activity excludes consumption and reserve trades from budget activity (0.719005ms)
✔ market model 8 creates inventory-backed buy and sell orders without system self-trades (45.251047ms)
✔ system liquidity asks reprice above retained consumption bids instead of crossing (40.229931ms)
✔ selling to a reserve transfers reserve funds and does not count as consumption issuance (18.62807ms)
✔ buying from a reserve transfers real inventory and returns credits to the reserve (15.141378ms)
✔ liquidity orders are cancelled and re-reserved on the next cycle (32.516301ms)
✔ model 3 migrates directly to model 8 with one-time reserve seeding (1.537577ms)
✔ model 5 migrates to model 8 and releases obsolete liquidity reservations (19.468151ms)
✔ 累计卖出手续费按成交总额精确收取 1% (1.499355ms)
✔ 既有卖单只从新成交开始累计且不追收旧 fill (1.457436ms)
✔ 商品卖单部分成交按同一卖单累计补收手续费 (33.753525ms)
✔ 工厂卖单使用相同手续费并只向本人公开匿名金额字段 (54.523168ms)
✔ commodity orders reject a price that crosses the same player resting order before freezing assets (18.219691ms)
✔ facility orders reject a price that crosses the same player resting order before freezing funds (8.944473ms)
✔ migration immediately settles legacy crossed commodity orders from different players at maker price (4.852327ms)
✔ migration cancels the newer legacy self-crossing commodity order and releases its frozen funds (1.725027ms)
✔ shared matcher preserves price-time priority, maker price, and partial fills for commodity (3.680586ms)
✔ shared matcher preserves price-time priority, maker price, and partial fills for facility (0.5345ms)
✔ shared matcher skips a same-player crossing order and continues to an eligible counterparty (0.821397ms)
✔ asset adapter can exclude otherwise crossing system orders without duplicating the matching loop (0.420697ms)
✔ ordinary player order state removes counterparties, demand sources, and linked order ids (26.889395ms)
✔ production employment uses factory complexity and preserves every integer credit (9.049209ms)
✔ construction employment is fixed at 60/30/10 and ignores factory complexity (1.952263ms)
✔ construction escrow releases by progress without creating or deleting money (1.392234ms)
✔ population buy orders use real escrow and refund price improvement and cancellation (2.358787ms)
✖ stabilization budget refills wallet gaps with a capped three-cycle target (2.554559ms)
✔ rate limit removes expired user buckets instead of growing forever (2.354384ms)
✔ rate limit still enforces the configured window after sweeping (0.303097ms)
(node:2996) ExperimentalWarning: SQLite is an experimental feature and might change at any time
(Use `node --trace-warnings ...` to show where the warning was created)
✔ registration IP prefers trusted reverse-proxy real IP over a client-supplied forwarded chain (1.598811ms)
✔ rejects an existing unified account before creating or sending a verification (4.683382ms)
✔ sends and completes a verification without storing plaintext code (6.137542ms)
✔ sends share-link invite code through email registration and immediately rewards inviter (3.595937ms)
✔ accepts a manually entered invite code during registration and rewards immediately (2.852546ms)
✔ enforces ten-minute expiry and sixty-second resend cooldown (2.300394ms)
✔ invalidates after five wrong attempts and rejects IP changes (3.185119ms)
✔ used code cannot be reused but the same completion request is idempotent (2.756968ms)
✔ homepage and direct Economy registrations both participate in duplicate-IP group bans (2.909002ms)
✔ request metrics normalize route identifiers (1.837778ms)
✔ request metrics aggregate duration and application response bytes (14.657ms)
✔ initial delivery returns all five state partitions without a full state field (2.74791ms)
✔ known partition revisions suppress unchanged partitions (0.585055ms)
✔ a global revision change unrelated to the viewer can return no patches (0.356427ms)
✔ unchanged delivery still returns a fresh server time without creating patches (0.247303ms)
✔ action delivery keeps only result status, message, and committed revision (0.230792ms)
✔ partition revisions accept only bounded safe tokens (0.364672ms)
(node:3019) ExperimentalWarning: SQLite is an experimental feature and might change at any time
(Use `node --trace-warnings ...` to show where the warning was created)
✔ idle version polling returns a compact response without writing the world (62.920072ms)
✔ same-revision polls inside the processing window bypass SQLite transactions (28.309702ms)
✔ an authoritative action advances the revision and invalidates an older poll (67.735071ms)
✔ due world processing advances the revision during version polling (57.491205ms)
✔ scheduled production polling always uses the revision fast path until the global scheduler changes it (48.026969ms)
✔ rolled back transactions restore the in-memory world cache (24.583804ms)
(node:3026) ExperimentalWarning: SQLite is an experimental feature and might change at any time
(Use `node --trace-warnings ...` to show where the warning was created)
✔ existing players migrate as completed while new players start incomplete (98.45153ms)
✔ tutorial completion is idempotent and does not mutate world state (29.334559ms)
(node:3032) ExperimentalWarning: SQLite is an experimental feature and might change at any time
(Use `node --trace-warnings ...` to show where the warning was created)
✔ gift codes can be created by admins and redeemed once per player (116.558699ms)
✔ non-admin users cannot read administrator summary (1.876481ms)
(node:3040) ExperimentalWarning: SQLite is an experimental feature and might change at any time
(Use `node --trace-warnings ...` to show where the warning was created)
✔ email verification cleanup expires active rows and deletes only old terminal records (2.957503ms)
(node:3041) ExperimentalWarning: SQLite is an experimental feature and might change at any time
(Use `node --trace-warnings ...` to show where the warning was created)
✔ warehouse state defaults to level 1 and client version 16 (65.879849ms)
✔ warehouse capacity increase grows by level while upgrade cost grows linearly with capacity (0.34216ms)
✔ warehouse usage counts stored goods and remaining open commodity buy orders only (22.390648ms)
✔ warehouse usage excludes legacy facility buy orders before migration (0.247633ms)
✔ warehouse upgrade deducts server funds and increases shared capacity (26.262164ms)
✔ warehouse summary price matches the amount deducted for the same actual capacity (35.955037ms)
✔ warehouse upgrade preserves stored and reserved usage while adding free capacity (25.508762ms)
✔ warehouse upgrade rejects insufficient funds without changing capacity (20.327198ms)
✔ legacy custom capacity infers a non-decreasing warehouse level (17.982572ms)
✔ legacy stored level behind capacity is advanced and can still expand (30.098608ms)
✔ warehouse can continue upgrading after former level 12 limit (24.361665ms)
✔ warehouse upgrade is idempotent (21.290791ms)
ℹ tests 166
ℹ suites 0
ℹ pass 165
ℹ fail 1
ℹ cancelled 0
ℹ skipped 0
ℹ todo 0
ℹ duration_ms 2982.764997

✖ failing tests:

test at server/test/population-economy.test.js:79:1
✖ stabilization budget refills wallet gaps with a capped three-cycle target (2.554559ms)
  AssertionError [ERR_ASSERTION]: Expected values to be strictly equal:
  
  297 !== 684
  
      at TestContext.<anonymous> (file:///home/runner/work/Economy/Economy/server/test/population-economy.test.js:92:10)
      at Test.runInAsyncScope (node:async_hooks:214:14)
      at Test.run (node:internal/test_runner/test:1062:25)
      at Test.processPendingSubtests (node:internal/test_runner/test:752:18)
      at Test.postRun (node:internal/test_runner/test:1191:19)
      at Test.run (node:internal/test_runner/test:1119:12)
      at async Test.processPendingSubtests (node:internal/test_runner/test:752:7) {
    generatedMessage: true,
    code: 'ERR_ASSERTION',
    actual: 297,
    expected: 684,
    operator: 'strictEqual'
  }
