
> economy@0.4.0 build
> npm run verify:architecture && npm run test:nginx-config && npm run server:check && npm run server:test && tsc && vite build


> economy@0.4.0 verify:architecture
> node scripts/verify-document-authority.mjs && node scripts/verify-order-matching-core.mjs && node --experimental-strip-types scripts/verify-runtime-architecture.mjs && node scripts/verify-state-delivery-capacity.mjs && node scripts/verify-authentication-cache.mjs && node scripts/verify-email-registration.mjs && node scripts/verify-stress-test-accounts.mjs && node scripts/verify-scroll-ownership.mjs && node scripts/verify-gems-invitations-and-bans.mjs && node scripts/verify-gem-shop.mjs && node scripts/verify-page-content.mjs && node scripts/verify-assets-page.mjs && node scripts/verify-settings-layout.mjs && node scripts/verify-reset-disabled.mjs && node --experimental-strip-types scripts/verify-display-format.mjs && node scripts/verify-ui-architecture-runner.mjs && node scripts/verify-form-controls.mjs && node scripts/verify-currency-svg.mjs && node scripts/verify-mobile-touch-feedback.mjs && node scripts/verify-virtual-list-scroll-chaining.mjs && node scripts/verify-overlay-scrollbars.mjs && node scripts/verify-overview-content.mjs && node scripts/verify-industry-catalog.mjs && node scripts/verify-unified-factory-recipes-grid.mjs && node scripts/verify-staple-crops-demand.mjs && node --experimental-strip-types scripts/verify-market-assets.mjs && node scripts/verify-market-page-layout.mjs && node scripts/verify-local-trade-privacy.mjs && node scripts/verify-market-sell-fee.mjs && node scripts/verify-leaderboards.mjs && node --experimental-strip-types scripts/verify-market-chart.mjs && node scripts/verify-liquid-glass-chrome.mjs && node scripts/verify-desktop-primary-surfaces.mjs && node scripts/verify-authoritative-countdowns.mjs && node scripts/verify-primary-surface-insets.mjs && node scripts/verify-game-shell-layout.mjs && node scripts/verify-warehouse-expansion.mjs && node scripts/verify-facility-groups.mjs && node scripts/verify-collectibles-auctions.mjs && node scripts/verify-gift-code-batches.mjs && node scripts/verify-runtime-reliability.mjs

文档权威性验证通过：登记文档清单、未知 Markdown 拒绝、版本 15/13、市场需求模型 5、非交叉统一订单簿、双边市场储备、九页导航、商店、整数经济基线、权威倒计时、一级卡片外层内边距、外壳与滚动条归属、单一职责专题、文档整理规则和旧文件禁令均满足当前基线。
共享撮合内核验证通过：商品与工厂复用价格时间优先、maker price、部分成交、fill 和手续费状态机。
运行时架构验证通过：页面动态拆包、局部时钟、虚拟列表二分与滚动合并、资产比例和本地日志缓存均已锁定。
状态交付容量验证通过：世界缓存、单一全局调度、五分区增量补丁、动作精简确认与确认后分区补拉、修订号门禁、5 秒默认间隔和 JSON gzip 均已锁定。
认证缓存验证通过：状态 10 秒、写操作 2 秒、管理员零缓存、请求合并和 5000 条 LRU 已锁定。
邮箱验证码注册验证通过：发送前查重、验证码安全、分享链接归因、统一同 IP 封禁、双模式页面与 Nginx 路由均已锁定。
Fixed reusable stress-test account registry and secret boundary verification passed.
Nested custom/native scroll ownership, boundary release and control location verification passed.
宝石、邀请与封禁验证通过：服务器权威宝石、双邀请入口、立即奖励、同 IP 全组封禁、管理员解禁、版本与防回退规则均已锁定。
商店验证通过：独立页面、服务器固定汇率、原子兑换、幂等、记录规则和共享一级卡片内边距均已锁定。
页面内容、九页导航、主页 SVG Logo、登录注册、高增长记录窗口化、邀请、商店、藏品拍卖、全局紧凑数字、生产公式和仓库职责验证通过。
资产页统一总览、构成拆分、移动布局与防回退验证通过。
设置页独立主列／侧列、四项统计、账号分组、禁用重置与设计文档验证通过。
经济状态重置已从网页、小程序、客户端动作和服务器领域写入中移除；旧接口仅返回 410。
时间与排名格式验证通过：持续时间统一使用 s/m/h，排名统一由状态栏和排行榜使用 #N。
共享 UI、唯一开关、导航完全不透明状态色、独立工厂 SVG 与统一商品图标验证通过。
统一表单组件、数字草稿、输入状态和移动端尺寸验证通过。
货币 SVG 验证通过：60 处可见金额统一使用 CreditsIcon，通知边界兼容旧字符串，玩家端源码无字符货币符号。
移动触摸反馈验证通过：原生蓝色 tap highlight 已关闭，键盘 focus-visible 焦点保持不变。
Shared virtual windowing, single two-axis record viewport and boundary scroll chaining verification passed.
统一尺寸、鼠标与触控策略、隐藏触控横向轨道、无级资产目录和单一双轴虚拟成交表验证通过。
概览验证通过：外层单轨、紧凑图表几何、市场空值、现金事件、短列表滚动、状态栏趋势与浏览器碰撞回归满足设计基线。
产业目录验证通过：31 种商品、21 种工厂、C1～C7 建设复杂度、精确建造费与施工时间、配方级参数及 1/3/6/9/12/15/18 参考分钟利润梯度。
通用工厂配方、建设卡精简、集群规模公式、三行标题结构、底部市场入口和共享一级表面内边距验证通过。
市场需求验证通过：模型 5 保留 70%／30% 消费预算，使用真实资金与库存创建受限双边市场储备，并保证系统盘口不交叉。
统一资产市场、非交叉撮合、价格档位聚合、玩家／消费需求／市场储备商品订单、窗口化本地成交、管理员高增长记录和本地默认价格验证通过。
市场页布局、价格档位、数据口径、禁用反馈与浏览器回归基线验证通过。
普通玩家订单 API、本地存储和市场成交展示均已匿名化。
玩家商品与工厂卖出手续费、累计部分成交、匿名公开字段、前端展示和拍卖隔离验证通过。
Leaderboard verification passed.
Market chart verification passed: overview and market share 24h buckets with net active flow colors, weighted reserve signals and windowed trade counts.
liquid-glass-react 外壳、桌面状态栏独立预设、移动 Chrome 共享预设、状态栏固定五列单壳结构、顶层连续描边、移动底栏单一原生滚动视口、开放背景采样链与固定安全边缘滚动条验证通过。
桌面一级卡片与状态栏 24px 圆角、桌面独立玻璃预设、顶层连续结构描边、零第三方装饰层和无外部阴影验证通过。
权威倒计时验证通过：工作冷却本地解锁，施工、生产周期、拍卖和排行榜到期统一立即刷新并每秒确认，页面确认状态与文档规则均已锁定。
一级卡片统一内边距验证通过：桌面 16px、移动 12px、共享组件语义、旧类兼容、样式与设计文档权威、加载顺序和页面覆盖清理均已锁定。
游戏外壳桌面导航、固定状态栏、移动双层 Overlay、玻璃共线、统一 40px 清透厚玻璃胶囊、视口安全边缘滚动条与纵向滚动链验证通过。
仓库无限扩容、容量线性定价、商品卡图标主导布局、移动端三列、目录顺序工厂卡、建设卡精简和集群公式验证通过。
工厂持续生产、通用配方周期边界切换、三态自动恢复、多输入输出公式和自适应卡片验证通过。
单项与捆绑资产包拍卖、可编辑数量草稿、冻结资产计价、仓库预占、原子结算、页面结构和权威文档验证通过。
最多 50000 个礼品码的原子批量生成、幂等重试、游标分页和 TXT 下载验证通过。
依赖锁、CI 去重、浏览器存储容错、管理员分页、验证码保留、限流清理和浏览器测试均符合当前设计。

> economy@0.4.0 test:nginx-config
> python3 scripts/test_configure_economy_nginx.py && python3 scripts/test_configure_economy_registration_nginx.py

.........
----------------------------------------------------------------------
Ran 9 tests in 0.004s

OK
..
----------------------------------------------------------------------
Ran 2 tests in 0.001s

OK

> economy@0.4.0 server:check
> node --check server/src/*.js


> economy@0.4.0 server:test
> node --test server/test/*.test.js

✔ checks the homepage loopback endpoint and rejects registered emails (26.957298ms)
(node:2688) ExperimentalWarning: SQLite is an experimental feature and might change at any time
(Use `node --trace-warnings ...` to show where the warning was created)
✔ gift codes and redemptions use stable cursor pagination (3.194327ms)
(node:2689) ExperimentalWarning: SQLite is an experimental feature and might change at any time
(Use `node --trace-warnings ...` to show where the warning was created)
✔ unchanged admin summary does not advance the world revision (61.36638ms)
(node:2708) ExperimentalWarning: SQLite is an experimental feature and might change at any time
(Use `node --trace-warnings ...` to show where the warning was created)
✔ client state version 15 excludes all player log arrays and factory instances (61.539573ms)
✔ actions update authoritative state without writing player logs to SQLite (73.257232ms)
✔ legacy server logs and factory instance array are removed during the next state load (26.054927ms)
✔ idempotency preserves authoritative response without creating server logs (38.025285ms)
✔ authentication cache enforces TTL, LRU order, and request coalescing (21.87834ms)
✔ authentication policy separates state, write, and administrator requests (0.335398ms)
✔ authentication caches valid state reads, coalesces misses, and never caches upstream failures (71.091744ms)
✔ 管理员导入芝加哥艺术博物馆公版藏品并记录初始归属 (7.061316ms)
✔ 旧藏品拍卖动作兼容冻结、超价退款与归属转移 (4.359527ms)
✔ 商品拍卖冻结商品、为最高出价者预占仓库并在成交后转移数量 (3.193426ms)
✔ 商品竞拍必须有足够仓库容量，取消无出价拍卖释放商品 (2.590757ms)
✔ 工厂拍卖冻结运行数量，成交后转移工厂且不写入工厂行情 (22.51977ms)
✔ 客户端状态同时提供通用拍卖与藏品兼容别名 (2.485799ms)
✔ 捆绑拍卖在任一项目无效时不冻结任何资产 (1.546754ms)
✔ 混合资产包整体冻结、预占仓库并原子成交 (2.735521ms)
✔ 冻结资产继续计入总资产并提供可用与冻结明细 (9.060932ms)
(node:2729) ExperimentalWarning: SQLite is an experimental feature and might change at any time
(Use `node --trace-warnings ...` to show where the warning was created)
✔ community link has a stable default and persists an idempotent admin update (3.294765ms)
✔ community link rejects unsafe URLs and non-admin updates (1.575758ms)
✔ upstream cost changes propagate downstream one production edge per cycle (15.873842ms)
✔ downstream value changes propagate upstream one production edge per cycle (4.421465ms)
✔ multi-input downstream value reaches both copper and plastic with lag (3.199654ms)
✔ price transmission is damped and also carries price decreases (2.953245ms)
✔ hybrid fruit prices respond to beverage value after one relation lag (3.504186ms)
✔ appliance value makes machinery an automatically derived chain product (3.58474ms)
(node:2743) ExperimentalWarning: SQLite is an experimental feature and might change at any time
(Use `node --trace-warnings ...` to show where the warning was created)
✔ different products never match in the same order book (14.793586ms)
✔ work cooldown uses server time (6.925583ms)
✔ version 1 state migrates inventory and commodity orders without losing assets (1.481808ms)
✔ world version 7 grain assets migrate entirely to wheat (2.077813ms)
✔ idempotency returns the original response without applying an action twice (50.596984ms)
✔ client state uses version 15 and exposes no factory instances (14.799397ms)
✔ expanded industry catalog exposes fruit and complete production chains (0.880316ms)
✔ market demand creates direct and derived orders within the shared group budget (4.330711ms)
✔ market demand keeps half of unsold system orders and raises the next cycle price (11.758102ms)
✔ market demand cancels carried orders and resets to the model price after a sale (11.705257ms)
✔ market demand scales sublinearly with active players and stops at the configured cap (311.530043ms)
✔ inactive players stop scaling market demand after seven days (5.068957ms)
✔ player inventory never increases market demand budget or product allocation (14.562939ms)
✔ consumer substitutes shift demand toward the cheaper grain without changing total budget (3.307766ms)
✔ beverage production paths shift toward cheaper fruit inputs (7.193037ms)
✔ fruit participates in fresh direct demand without expanding the food budget (2.796099ms)
✔ complement gating prioritizes the bottleneck input for electronics (2.742823ms)
✔ downstream price signals move upstream only after relation lag cycles (3.277151ms)
✔ state polling and failed actions do not refresh economic activity (57.220233ms)
✔ new worlds create private market demand orders during the first authoritative state read (21.970638ms)
✔ legacy demand migration immediately rebuilds market demand without losing player assets (3.61357ms)
✔ market demand model version 2 migrates to version 3 without resetting player assets (10.773648ms)
✔ migration removes obsolete system orders while preserving player orders (0.982009ms)
✔ world version 8 migration restarts electronics and upgrades market demand state without resetting assets (0.898472ms)
✔ commodity order fills preserve every exact player resting price without system liquidity (7.638738ms)
✔ reports whether RESEND_API_KEY and EMAIL_FROM are configured (1.387699ms)
✔ returns a safe explicit error when email delivery is not configured (0.956318ms)
✔ factory buy and sell orders use price-time matching and partial fills (44.611768ms)
✔ running factory sell order immediately reduces participating output (16.244433ms)
✔ production increments produced goods statistics (7.273252ms)
✔ electronics factory atomically consumes plastic and copper (5.415312ms)
✔ electronics factory deducts no material when either input is missing (4.913737ms)
✔ fruit beverage recipe uses its own cost and atomically consumes fruit and sugar (5.976389ms)
✔ asset valuation uses the latest order-book trade and ignores open bid prices (13.360416ms)
✔ factory automatically recovers after funds return (5.449365ms)
✔ manual stop disables automatic recovery (7.146282ms)
✔ running farm crop changes apply at the next cycle boundary (22.944484ms)
✔ warehouse errors recover without backfilling missed cycles (5.121597ms)
✔ stopped facilities apply recipes immediately and fixed recipes are idempotent (4.205591ms)
✔ legacy completed target plans migrate to a manual stop (0.960994ms)
✔ legacy running target plans become continuous production (5.867029ms)
✔ factory order books contain player orders only (4.319079ms)
✔ empty factory order books stay empty after world processing (5.101512ms)
✔ game routes decode identifiers and reject unsupported methods (2.043359ms)
✔ malformed route encoding is rejected as a client error (0.639988ms)
(node:2771) ExperimentalWarning: SQLite is an experimental feature and might change at any time
(Use `node --trace-warnings ...` to show where the warning was created)
✔ gem shop exchanges gems for credits atomically and records history (76.18277ms)
✔ gem shop idempotency prevents duplicate deduction and issuance (43.559821ms)
✔ legacy full idempotency responses are projected to slim acknowledgements (26.209668ms)
✔ gem shop rejects invalid quantities and insufficient balance without mutation (76.948914ms)
(node:2778) ExperimentalWarning: SQLite is an experimental feature and might change at any time
(Use `node --trace-warnings ...` to show where the warning was created)
✔ admins can atomically generate and retry a 50000-code batch (789.843171ms)
✔ bulk gift code generation validates count and administrator role (1.976963ms)
✔ HTTP API authenticates through the shared account service and honors idempotency (490.415217ms)
(node:2799) ExperimentalWarning: SQLite is an experimental feature and might change at any time
(Use `node --trace-warnings ...` to show where the warning was created)
✔ share link registration immediately rewards only the inviter with gems (4.410522ms)
✔ manual code claim rewards inviter once and remains mutually exclusive with link attribution (2.488977ms)
✔ manual invitation claim expires after twenty four hours (2.667262ms)
✔ a second registration on the same IP bans the whole account group before invitation reward (2.333313ms)
✔ administrator can unban one account or an entire duplicate-IP incident (2.580481ms)
✔ manual unban survives restart reconciliation until a new same-IP registration appears (2.838212ms)
✔ manual same-IP code is consumed without a gem reward after administrator review (2.062291ms)
✔ leaderboard week starts Monday 00:00 in Beijing time (0.902602ms)
✔ trading board sums actual seller gross volume, counts completed fills on cancelled orders, and ignores unfilled remainder and auctions (29.344441ms)
✔ legacy capped trading state is rebuilt once from current-period actual fills (15.262414ms)
✔ three weekly boards grant 30, 20, and 10 gems and allow repeat winners (47.751268ms)
✔ the first partial week records results without granting gems (18.563259ms)
✔ top ten payload still returns the current player outside the visible rows (13.998959ms)
✔ cancelling a running factory sell order joins the quantity next cycle (35.376671ms)
✔ selling every participating factory puts the enabled group in error (5.398663ms)
✔ market model 5 creates inventory-backed buy and sell orders without system self-trades (34.123254ms)
✔ system liquidity asks reprice above retained consumption bids instead of crossing (25.201299ms)
✔ selling to a reserve transfers reserve funds and does not count as consumption issuance (9.719241ms)
✔ buying from a reserve transfers real inventory and returns credits to the reserve (6.28155ms)
✔ liquidity orders are cancelled and re-reserved on the next cycle (12.481476ms)
✔ model 3 migrates directly to model 5 with one-time reserve seeding (3.248861ms)
✔ model 4 migrates to model 5 and releases obsolete liquidity reservations (7.241418ms)
✔ 累计卖出手续费按 1% 向上取整且最低为 1 (0.649078ms)
✔ 既有卖单只从新成交开始累计且不追收旧 fill (0.699948ms)
✔ 商品卖单部分成交按同一卖单累计补收手续费 (11.898816ms)
✔ 工厂卖单使用相同手续费并只向本人公开匿名金额字段 (26.708053ms)
✔ commodity orders reject a price that crosses the same player resting order before freezing assets (12.373363ms)
✔ facility orders reject a price that crosses the same player resting order before freezing funds (6.944851ms)
✔ migration immediately settles legacy crossed commodity orders from different players at maker price (3.313904ms)
✔ migration cancels the newer legacy self-crossing commodity order and releases its frozen funds (1.62584ms)
✔ shared matcher preserves price-time priority, maker price, and partial fills for commodity (3.099186ms)
✔ shared matcher preserves price-time priority, maker price, and partial fills for facility (0.637856ms)
✔ shared matcher skips a same-player crossing order and continues to an eligible counterparty (0.962019ms)
✔ asset adapter can exclude otherwise crossing system orders without duplicating the matching loop (0.395109ms)
✔ ordinary player order state removes counterparties, demand sources, and linked order ids (18.026623ms)
✔ rate limit removes expired user buckets instead of growing forever (2.910665ms)
✔ rate limit still enforces the configured window after sweeping (0.284044ms)
(node:2861) ExperimentalWarning: SQLite is an experimental feature and might change at any time
(Use `node --trace-warnings ...` to show where the warning was created)
✔ registration IP prefers trusted reverse-proxy real IP over a client-supplied forwarded chain (0.969402ms)
✔ rejects an existing unified account before creating or sending a verification (3.124018ms)
✔ sends and completes a verification without storing plaintext code (3.984594ms)
✔ sends share-link invite code through email registration and immediately rewards inviter (3.388899ms)
✔ accepts a manually entered invite code during registration and rewards immediately (2.838581ms)
✔ enforces ten-minute expiry and sixty-second resend cooldown (2.635531ms)
✔ invalidates after five wrong attempts and rejects IP changes (2.559902ms)
✔ used code cannot be reused but the same completion request is idempotent (2.543516ms)
✔ homepage and direct Economy registrations both participate in duplicate-IP group bans (2.784415ms)
✔ initial delivery returns all five state partitions without a full state field (2.766849ms)
✔ known partition revisions suppress unchanged partitions (0.734205ms)
✔ a global revision change unrelated to the viewer can return no patches (0.456578ms)
✔ action delivery keeps only result status, message, and committed revision (0.263099ms)
✔ partition revisions accept only bounded safe tokens (0.504773ms)
(node:2876) ExperimentalWarning: SQLite is an experimental feature and might change at any time
(Use `node --trace-warnings ...` to show where the warning was created)
✔ idle version polling returns a compact response without writing the world (75.50058ms)
✔ same-revision polls inside the processing window bypass SQLite transactions (25.3899ms)
✔ an authoritative action advances the revision and invalidates an older poll (50.739838ms)
✔ due world processing advances the revision during version polling (32.292139ms)
✔ scheduled production polling always uses the revision fast path until the global scheduler changes it (31.400924ms)
✔ rolled back transactions restore the in-memory world cache (19.006341ms)
(node:2883) ExperimentalWarning: SQLite is an experimental feature and might change at any time
(Use `node --trace-warnings ...` to show where the warning was created)
✔ gift codes can be created by admins and redeemed once per player (92.454491ms)
✔ non-admin users cannot read administrator summary (1.712497ms)
(node:2890) ExperimentalWarning: SQLite is an experimental feature and might change at any time
(Use `node --trace-warnings ...` to show where the warning was created)
✔ email verification cleanup expires active rows and deletes only old terminal records (1.738045ms)
(node:2897) ExperimentalWarning: SQLite is an experimental feature and might change at any time
(Use `node --trace-warnings ...` to show where the warning was created)
✔ warehouse state defaults to level 1 and client version 14 (40.421403ms)
✔ warehouse capacity increase grows by level while upgrade cost grows linearly with capacity (0.293113ms)
✔ warehouse usage counts stored goods and remaining open commodity buy orders only (20.24922ms)
✔ warehouse usage excludes legacy facility buy orders before migration (0.298307ms)
✔ warehouse upgrade deducts server funds and increases shared capacity (23.111876ms)
✔ warehouse summary price matches the amount deducted for the same actual capacity (29.160949ms)
✔ warehouse upgrade preserves stored and reserved usage while adding free capacity (19.980899ms)
✔ warehouse upgrade rejects insufficient funds without changing capacity (21.200529ms)
✔ legacy custom capacity infers a non-decreasing warehouse level (13.675932ms)
✔ legacy stored level behind capacity is advanced and can still expand (25.267174ms)
✔ warehouse can continue upgrading after former level 12 limit (16.159937ms)
✔ warehouse upgrade is idempotent (14.664585ms)
ℹ tests 151
ℹ suites 0
ℹ pass 151
ℹ fail 0
ℹ cancelled 0
ℹ skipped 0
ℹ todo 0
ℹ duration_ms 2079.686936
[36mvite v8.1.4 [32mbuilding client environment for production...[36m[39m
[2Ktransforming...✓ 123 modules transformed.
rendering chunks...
computing gzip size...
dist/index.html                             1.67 kB │ gzip:  0.67 kB
dist/assets/index-Dl-lc34-.css            173.39 kB │ gzip: 27.25 kB
dist/assets/leaderboardTypes-CaR1dw0m.js    0.05 kB │ gzip:  0.07 kB
dist/assets/useNow-DJwtI9Rg.js              0.29 kB │ gzip:  0.22 kB
dist/assets/types-B1OINg7J.js               0.32 kB │ gzip:  0.17 kB
dist/assets/VirtualList-B_oi3-DT.js         1.22 kB │ gzip:  0.64 kB
dist/assets/useVirtualWindow-DAoP9M9q.js    2.55 kB │ gzip:  1.14 kB
dist/assets/CollectionsPage-BPALnvYL.js     2.97 kB │ gzip:  1.35 kB
dist/assets/GemShopPage-QeQYC65p.js         4.32 kB │ gzip:  1.77 kB
dist/assets/LeaderboardPage-BqgwNmo9.js     4.55 kB │ gzip:  1.97 kB
dist/assets/PriceSparkline-Dx1Xxkfv.js      8.59 kB │ gzip:  3.38 kB
dist/assets/ProductIcons-ByOh_MHf.js        8.65 kB │ gzip:  2.33 kB
dist/assets/SettingsPage-Di2S78oH.js        9.54 kB │ gzip:  3.43 kB
dist/assets/AssetsPage-BUxWTHqu.js         10.97 kB │ gzip:  3.44 kB
dist/assets/CurrencyAmount-C0K1nfGr.js     12.40 kB │ gzip:  4.63 kB
dist/assets/OverviewPage-DIKgPkIT.js       13.12 kB │ gzip:  4.60 kB
dist/assets/AuctionPage-DPP034z2.js        13.64 kB │ gzip:  4.76 kB
dist/assets/ProductionPage-BhMdjCkp.js     16.67 kB │ gzip:  5.12 kB
dist/assets/MarketPage-CN-PWWDv.js         18.26 kB │ gzip:  5.58 kB
dist/assets/gameViewModel-BQHMwLSX.js      19.01 kB │ gzip:  7.03 kB
dist/assets/AdminApp-4kF5VZC6.js           24.59 kB │ gzip:  7.80 kB
dist/assets/GameApp-T8eIYBPg.js            65.78 kB │ gzip: 38.01 kB
dist/assets/index-BnByWs3S.js             220.23 kB │ gzip: 69.67 kB

[32m✓ built in 622ms[39m
